Analysis & Synthesis report for prj2Lock
Sun Dec 11 02:18:00 2022
Quartus II 64-Bit Version 13.0.1 Build 232 06/12/2013 Service Pack 1 SJ Web Edition


---------------------
; Table of Contents ;
---------------------
  1. Legal Notice
  2. Analysis & Synthesis Summary
  3. Analysis & Synthesis Settings
  4. Parallel Compilation
  5. Analysis & Synthesis Source Files Read
  6. Analysis & Synthesis Resource Usage Summary
  7. Analysis & Synthesis Resource Utilization by Entity
  8. State Machine - |code_lock_simple_fsm_tester|code_lock_simple_fsm:call_code_lock_simple_fsm|present_state
  9. User-Specified and Inferred Latches
 10. General Register Statistics
 11. Elapsed Time Per Partition
 12. Analysis & Synthesis Messages



----------------
; Legal Notice ;
----------------
Copyright (C) 1991-2013 Altera Corporation
Your use of Altera Corporation's design tools, logic functions 
and other software and tools, and its AMPP partner logic 
functions, and any output files from any of the foregoing 
(including device programming or simulation files), and any 
associated documentation or information are expressly subject 
to the terms and conditions of the Altera Program License 
Subscription Agreement, Altera MegaCore Function License 
Agreement, or other applicable license agreement, including, 
without limitation, that your use is for the sole purpose of 
programming logic devices manufactured by Altera and sold by 
Altera or its authorized distributors.  Please refer to the 
applicable agreement for further details.



+--------------------------------------------------------------------------------------+
; Analysis & Synthesis Summary                                                         ;
+------------------------------------+-------------------------------------------------+
; Analysis & Synthesis Status        ; Successful - Sun Dec 11 02:18:00 2022           ;
; Quartus II 64-Bit Version          ; 13.0.1 Build 232 06/12/2013 SP 1 SJ Web Edition ;
; Revision Name                      ; prj2Lock                                        ;
; Top-level Entity Name              ; code_lock_simple_fsm_tester                     ;
; Family                             ; Cyclone II                                      ;
; Total logic elements               ; 53                                              ;
;     Total combinational functions  ; 53                                              ;
;     Dedicated logic registers      ; 35                                              ;
; Total registers                    ; 35                                              ;
; Total pins                         ; 70                                              ;
; Total virtual pins                 ; 0                                               ;
; Total memory bits                  ; 0                                               ;
; Embedded Multiplier 9-bit elements ; 0                                               ;
; Total PLLs                         ; 0                                               ;
+------------------------------------+-------------------------------------------------+


+-------------------------------------------------------------------------------------------------------------------------------+
; Analysis & Synthesis Settings                                                                                                 ;
+----------------------------------------------------------------------------+-----------------------------+--------------------+
; Option                                                                     ; Setting                     ; Default Value      ;
+----------------------------------------------------------------------------+-----------------------------+--------------------+
; Device                                                                     ; EP2C35F672C6                ;                    ;
; Top-level entity name                                                      ; code_lock_simple_fsm_tester ; prj2Lock           ;
; Family name                                                                ; Cyclone II                  ; Cyclone IV GX      ;
; Use smart compilation                                                      ; Off                         ; Off                ;
; Enable parallel Assembler and TimeQuest Timing Analyzer during compilation ; On                          ; On                 ;
; Enable compact report table                                                ; Off                         ; Off                ;
; Restructure Multiplexers                                                   ; Auto                        ; Auto               ;
; Create Debugging Nodes for IP Cores                                        ; Off                         ; Off                ;
; Preserve fewer node names                                                  ; On                          ; On                 ;
; Disable OpenCore Plus hardware evaluation                                  ; Off                         ; Off                ;
; Verilog Version                                                            ; Verilog_2001                ; Verilog_2001       ;
; VHDL Version                                                               ; VHDL_1993                   ; VHDL_1993          ;
; State Machine Processing                                                   ; Auto                        ; Auto               ;
; Safe State Machine                                                         ; Off                         ; Off                ;
; Extract Verilog State Machines                                             ; On                          ; On                 ;
; Extract VHDL State Machines                                                ; On                          ; On                 ;
; Ignore Verilog initial constructs                                          ; Off                         ; Off                ;
; Iteration limit for constant Verilog loops                                 ; 5000                        ; 5000               ;
; Iteration limit for non-constant Verilog loops                             ; 250                         ; 250                ;
; Add Pass-Through Logic to Inferred RAMs                                    ; On                          ; On                 ;
; Infer RAMs from Raw Logic                                                  ; On                          ; On                 ;
; Parallel Synthesis                                                         ; On                          ; On                 ;
; DSP Block Balancing                                                        ; Auto                        ; Auto               ;
; NOT Gate Push-Back                                                         ; On                          ; On                 ;
; Power-Up Don't Care                                                        ; On                          ; On                 ;
; Remove Redundant Logic Cells                                               ; Off                         ; Off                ;
; Remove Duplicate Registers                                                 ; On                          ; On                 ;
; Ignore CARRY Buffers                                                       ; Off                         ; Off                ;
; Ignore CASCADE Buffers                                                     ; Off                         ; Off                ;
; Ignore GLOBAL Buffers                                                      ; Off                         ; Off                ;
; Ignore ROW GLOBAL Buffers                                                  ; Off                         ; Off                ;
; Ignore LCELL Buffers                                                       ; Off                         ; Off                ;
; Ignore SOFT Buffers                                                        ; On                          ; On                 ;
; Limit AHDL Integers to 32 Bits                                             ; Off                         ; Off                ;
; Optimization Technique                                                     ; Balanced                    ; Balanced           ;
; Carry Chain Length                                                         ; 70                          ; 70                 ;
; Auto Carry Chains                                                          ; On                          ; On                 ;
; Auto Open-Drain Pins                                                       ; On                          ; On                 ;
; Perform WYSIWYG Primitive Resynthesis                                      ; Off                         ; Off                ;
; Auto ROM Replacement                                                       ; On                          ; On                 ;
; Auto RAM Replacement                                                       ; On                          ; On                 ;
; Auto Shift Register Replacement                                            ; Auto                        ; Auto               ;
; Allow Shift Register Merging across Hierarchies                            ; Auto                        ; Auto               ;
; Auto Clock Enable Replacement                                              ; On                          ; On                 ;
; Strict RAM Replacement                                                     ; Off                         ; Off                ;
; Allow Synchronous Control Signals                                          ; On                          ; On                 ;
; Force Use of Synchronous Clear Signals                                     ; Off                         ; Off                ;
; Auto RAM to Logic Cell Conversion                                          ; Off                         ; Off                ;
; Auto Resource Sharing                                                      ; Off                         ; Off                ;
; Allow Any RAM Size For Recognition                                         ; Off                         ; Off                ;
; Allow Any ROM Size For Recognition                                         ; Off                         ; Off                ;
; Allow Any Shift Register Size For Recognition                              ; Off                         ; Off                ;
; Use LogicLock Constraints during Resource Balancing                        ; On                          ; On                 ;
; Ignore translate_off and synthesis_off directives                          ; Off                         ; Off                ;
; Timing-Driven Synthesis                                                    ; Off                         ; Off                ;
; Report Parameter Settings                                                  ; On                          ; On                 ;
; Report Source Assignments                                                  ; On                          ; On                 ;
; Report Connectivity Checks                                                 ; On                          ; On                 ;
; Ignore Maximum Fan-Out Assignments                                         ; Off                         ; Off                ;
; Synchronization Register Chain Length                                      ; 2                           ; 2                  ;
; PowerPlay Power Optimization                                               ; Normal compilation          ; Normal compilation ;
; HDL message level                                                          ; Level2                      ; Level2             ;
; Suppress Register Optimization Related Messages                            ; Off                         ; Off                ;
; Number of Removed Registers Reported in Synthesis Report                   ; 5000                        ; 5000               ;
; Number of Swept Nodes Reported in Synthesis Report                         ; 5000                        ; 5000               ;
; Number of Inverted Registers Reported in Synthesis Report                  ; 100                         ; 100                ;
; Clock MUX Protection                                                       ; On                          ; On                 ;
; Auto Gated Clock Conversion                                                ; Off                         ; Off                ;
; Block Design Naming                                                        ; Auto                        ; Auto               ;
; SDC constraint protection                                                  ; Off                         ; Off                ;
; Synthesis Effort                                                           ; Auto                        ; Auto               ;
; Shift Register Replacement - Allow Asynchronous Clear Signal               ; On                          ; On                 ;
; Pre-Mapping Resynthesis Optimization                                       ; Off                         ; Off                ;
; Analysis & Synthesis Message Level                                         ; Medium                      ; Medium             ;
; Disable Register Merging Across Hierarchies                                ; Auto                        ; Auto               ;
; Resource Aware Inference For Block RAM                                     ; On                          ; On                 ;
; Synthesis Seed                                                             ; 1                           ; 1                  ;
+----------------------------------------------------------------------------+-----------------------------+--------------------+


Parallel compilation was disabled, but you have multiple processors available. Enable parallel compilation to reduce compilation time.
+-------------------------------------+
; Parallel Compilation                ;
+----------------------------+--------+
; Processors                 ; Number ;
+----------------------------+--------+
; Number detected on machine ; 8      ;
; Maximum allowed            ; 1      ;
+----------------------------+--------+


+------------------------------------------------------------------------------------------------------------------------------------------+
; Analysis & Synthesis Source Files Read                                                                                                   ;
+----------------------------------+-----------------+-----------------+---------------------------------------------------------+---------+
; File Name with User-Entered Path ; Used in Netlist ; File Type       ; File Name with Absolute Path                            ; Library ;
+----------------------------------+-----------------+-----------------+---------------------------------------------------------+---------+
; code_lock_simple_fsm_tester.vhd  ; yes             ; User VHDL File  ; C:/DSD/lock-simple/prj2/code_lock_simple_fsm_tester.vhd ;         ;
; code_lock_simple_fsm.vhd         ; yes             ; User VHDL File  ; C:/DSD/lock-simple/prj2/code_lock_simple_fsm.vhd        ;         ;
+----------------------------------+-----------------+-----------------+---------------------------------------------------------+---------+


+--------------------------------------------------------------------------------------------------------------------+
; Analysis & Synthesis Resource Usage Summary                                                                        ;
+---------------------------------------------+----------------------------------------------------------------------+
; Resource                                    ; Usage                                                                ;
+---------------------------------------------+----------------------------------------------------------------------+
; Estimated Total logic elements              ; 53                                                                   ;
;                                             ;                                                                      ;
; Total combinational functions               ; 53                                                                   ;
; Logic element usage by number of LUT inputs ;                                                                      ;
;     -- 4 input functions                    ; 13                                                                   ;
;     -- 3 input functions                    ; 37                                                                   ;
;     -- <=2 input functions                  ; 3                                                                    ;
;                                             ;                                                                      ;
; Logic elements by mode                      ;                                                                      ;
;     -- normal mode                          ; 22                                                                   ;
;     -- arithmetic mode                      ; 31                                                                   ;
;                                             ;                                                                      ;
; Total registers                             ; 35                                                                   ;
;     -- Dedicated logic registers            ; 35                                                                   ;
;     -- I/O registers                        ; 0                                                                    ;
;                                             ;                                                                      ;
; I/O pins                                    ; 70                                                                   ;
; Embedded Multiplier 9-bit elements          ; 0                                                                    ;
; Maximum fan-out node                        ; code_lock_simple_fsm:call_code_lock_simple_fsm|present_state.ev_code ;
; Maximum fan-out                             ; 35                                                                   ;
; Total fan-out                               ; 283                                                                  ;
; Average fan-out                             ; 1.79                                                                 ;
+---------------------------------------------+----------------------------------------------------------------------+


+--------------------------------------------------------------------------------------------------------------------------------------------------------------------------------------------------------------------------------------------------------------+
; Analysis & Synthesis Resource Utilization by Entity                                                                                                                                                                                                          ;
+-----------------------------------------------------+-------------------+--------------+-------------+--------------+---------+-----------+------+--------------+-----------------------------------------------------------------------------+--------------+
; Compilation Hierarchy Node                          ; LC Combinationals ; LC Registers ; Memory Bits ; DSP Elements ; DSP 9x9 ; DSP 18x18 ; Pins ; Virtual Pins ; Full Hierarchy Name                                                         ; Library Name ;
+-----------------------------------------------------+-------------------+--------------+-------------+--------------+---------+-----------+------+--------------+-----------------------------------------------------------------------------+--------------+
; |code_lock_simple_fsm_tester                        ; 53 (0)            ; 35 (0)       ; 0           ; 0            ; 0       ; 0         ; 70   ; 0            ; |code_lock_simple_fsm_tester                                                ; work         ;
;    |code_lock_simple_fsm:call_code_lock_simple_fsm| ; 53 (53)           ; 35 (35)      ; 0           ; 0            ; 0       ; 0         ; 0    ; 0            ; |code_lock_simple_fsm_tester|code_lock_simple_fsm:call_code_lock_simple_fsm ; work         ;
+-----------------------------------------------------+-------------------+--------------+-------------+--------------+---------+-----------+------+--------------+-----------------------------------------------------------------------------+--------------+
Note: For table entries with two numbers listed, the numbers in parentheses indicate the number of resources of the given type used by the specific entity alone. The numbers listed outside of parentheses indicate the total resources of the given type used by the specific entity and all of its sub-entities in the hierarchy.


Encoding Type:  One-Hot
+-----------------------------------------------------------------------------------------------------------+
; State Machine - |code_lock_simple_fsm_tester|code_lock_simple_fsm:call_code_lock_simple_fsm|present_state ;
+------------------------+------------------------+-----------------------+---------------------------------+
; Name                   ; present_state.unlocked ; present_state.ev_code ; present_state.idle              ;
+------------------------+------------------------+-----------------------+---------------------------------+
; present_state.idle     ; 0                      ; 0                     ; 0                               ;
; present_state.ev_code  ; 0                      ; 1                     ; 1                               ;
; present_state.unlocked ; 1                      ; 0                     ; 1                               ;
+------------------------+------------------------+-----------------------+---------------------------------+


+--------------------------------------------------------------------------------------------------------------------------------------------------------+
; User-Specified and Inferred Latches                                                                                                                    ;
+--------------------------------------------------------+----------------------------------------------------------------------+------------------------+
; Latch Name                                             ; Latch Enable Signal                                                  ; Free of Timing Hazards ;
+--------------------------------------------------------+----------------------------------------------------------------------+------------------------+
; code_lock_simple_fsm:call_code_lock_simple_fsm|HEX6[2] ; code_lock_simple_fsm:call_code_lock_simple_fsm|present_state.ev_code ; yes                    ;
; code_lock_simple_fsm:call_code_lock_simple_fsm|HEX6[4] ; code_lock_simple_fsm:call_code_lock_simple_fsm|present_state.ev_code ; yes                    ;
; code_lock_simple_fsm:call_code_lock_simple_fsm|HEX6[6] ; code_lock_simple_fsm:call_code_lock_simple_fsm|present_state.ev_code ; yes                    ;
; code_lock_simple_fsm:call_code_lock_simple_fsm|HEX7[1] ; code_lock_simple_fsm:call_code_lock_simple_fsm|present_state.ev_code ; yes                    ;
; code_lock_simple_fsm:call_code_lock_simple_fsm|HEX7[2] ; code_lock_simple_fsm:call_code_lock_simple_fsm|present_state.ev_code ; yes                    ;
; code_lock_simple_fsm:call_code_lock_simple_fsm|HEX7[3] ; code_lock_simple_fsm:call_code_lock_simple_fsm|present_state.ev_code ; yes                    ;
; code_lock_simple_fsm:call_code_lock_simple_fsm|HEX7[4] ; code_lock_simple_fsm:call_code_lock_simple_fsm|present_state.ev_code ; yes                    ;
; code_lock_simple_fsm:call_code_lock_simple_fsm|HEX7[5] ; code_lock_simple_fsm:call_code_lock_simple_fsm|present_state.ev_code ; yes                    ;
; code_lock_simple_fsm:call_code_lock_simple_fsm|code[0] ; GPIO_0[0]                                                            ; yes                    ;
; code_lock_simple_fsm:call_code_lock_simple_fsm|code[1] ; GPIO_0[0]                                                            ; yes                    ;
; code_lock_simple_fsm:call_code_lock_simple_fsm|code[2] ; GPIO_0[0]                                                            ; yes                    ;
; code_lock_simple_fsm:call_code_lock_simple_fsm|code[3] ; GPIO_0[0]                                                            ; yes                    ;
; Number of user-specified and inferred latches = 12     ;                                                                      ;                        ;
+--------------------------------------------------------+----------------------------------------------------------------------+------------------------+
Note: All latches listed above may not be present at the end of synthesis due to various synthesis optimizations.


+------------------------------------------------------+
; General Register Statistics                          ;
+----------------------------------------------+-------+
; Statistic                                    ; Value ;
+----------------------------------------------+-------+
; Total registers                              ; 35    ;
; Number of registers using Synchronous Clear  ; 0     ;
; Number of registers using Synchronous Load   ; 0     ;
; Number of registers using Asynchronous Clear ; 35    ;
; Number of registers using Asynchronous Load  ; 0     ;
; Number of registers using Clock Enable       ; 0     ;
; Number of registers using Preset             ; 0     ;
+----------------------------------------------+-------+


+-------------------------------+
; Elapsed Time Per Partition    ;
+----------------+--------------+
; Partition Name ; Elapsed Time ;
+----------------+--------------+
; Top            ; 00:00:00     ;
+----------------+--------------+


+-------------------------------+
; Analysis & Synthesis Messages ;
+-------------------------------+
Info: *******************************************************************
Info: Running Quartus II 64-Bit Analysis & Synthesis
    Info: Version 13.0.1 Build 232 06/12/2013 Service Pack 1 SJ Web Edition
    Info: Processing started: Sun Dec 11 02:17:58 2022
Info: Command: quartus_map --read_settings_files=on --write_settings_files=off prj2Lock -c prj2Lock
Warning (20028): Parallel compilation is not licensed and has been disabled
Info (12021): Found 2 design units, including 1 entities, in source file code_lock_simple_fsm_tester.vhd
    Info (12022): Found design unit 1: code_lock_simple_fsm_tester-code_lock_simple_fsm_tester_impl
    Info (12023): Found entity 1: code_lock_simple_fsm_tester
Info (12021): Found 2 design units, including 1 entities, in source file code_lock_simple_fsm.vhd
    Info (12022): Found design unit 1: code_lock_simple_fsm-code_lock_simple_fsm_impl
    Info (12023): Found entity 1: code_lock_simple_fsm
Info (12127): Elaborating entity "code_lock_simple_fsm_tester" for the top level hierarchy
Info (12129): Elaborating entity "code_lock_simple_fsm" using architecture "A:code_lock_simple_fsm_impl" for hierarchy "code_lock_simple_fsm:call_code_lock_simple_fsm"
Warning (10492): VHDL Process Statement warning at code_lock_simple_fsm.vhd(82): signal "code" is read inside the Process Statement but isn't in the Process Statement's sensitivity list
Warning (10631): VHDL Process Statement warning at code_lock_simple_fsm.vhd(76): inferring latch(es) for signal or variable "code", which holds its previous value in one or more paths through the process
Warning (10492): VHDL Process Statement warning at code_lock_simple_fsm.vhd(106): signal "code" is read inside the Process Statement but isn't in the Process Statement's sensitivity list
Warning (10631): VHDL Process Statement warning at code_lock_simple_fsm.vhd(87): inferring latch(es) for signal or variable "HEX7", which holds its previous value in one or more paths through the process
Warning (10631): VHDL Process Statement warning at code_lock_simple_fsm.vhd(87): inferring latch(es) for signal or variable "HEX6", which holds its previous value in one or more paths through the process
Warning (10631): VHDL Process Statement warning at code_lock_simple_fsm.vhd(87): inferring latch(es) for signal or variable "HEX5", which holds its previous value in one or more paths through the process
Warning (10631): VHDL Process Statement warning at code_lock_simple_fsm.vhd(87): inferring latch(es) for signal or variable "HEX4", which holds its previous value in one or more paths through the process
Warning (10631): VHDL Process Statement warning at code_lock_simple_fsm.vhd(87): inferring latch(es) for signal or variable "HEX3", which holds its previous value in one or more paths through the process
Warning (10631): VHDL Process Statement warning at code_lock_simple_fsm.vhd(87): inferring latch(es) for signal or variable "HEX2", which holds its previous value in one or more paths through the process
Warning (10631): VHDL Process Statement warning at code_lock_simple_fsm.vhd(87): inferring latch(es) for signal or variable "HEX1", which holds its previous value in one or more paths through the process
Warning (10631): VHDL Process Statement warning at code_lock_simple_fsm.vhd(87): inferring latch(es) for signal or variable "HEX0", which holds its previous value in one or more paths through the process
Info (10041): Inferred latch for "HEX0[0]" at code_lock_simple_fsm.vhd(87)
Info (10041): Inferred latch for "HEX0[1]" at code_lock_simple_fsm.vhd(87)
Info (10041): Inferred latch for "HEX0[2]" at code_lock_simple_fsm.vhd(87)
Info (10041): Inferred latch for "HEX0[3]" at code_lock_simple_fsm.vhd(87)
Info (10041): Inferred latch for "HEX0[4]" at code_lock_simple_fsm.vhd(87)
Info (10041): Inferred latch for "HEX0[5]" at code_lock_simple_fsm.vhd(87)
Info (10041): Inferred latch for "HEX0[6]" at code_lock_simple_fsm.vhd(87)
Info (10041): Inferred latch for "HEX1[0]" at code_lock_simple_fsm.vhd(87)
Info (10041): Inferred latch for "HEX1[1]" at code_lock_simple_fsm.vhd(87)
Info (10041): Inferred latch for "HEX1[2]" at code_lock_simple_fsm.vhd(87)
Info (10041): Inferred latch for "HEX1[3]" at code_lock_simple_fsm.vhd(87)
Info (10041): Inferred latch for "HEX1[4]" at code_lock_simple_fsm.vhd(87)
Info (10041): Inferred latch for "HEX1[5]" at code_lock_simple_fsm.vhd(87)
Info (10041): Inferred latch for "HEX1[6]" at code_lock_simple_fsm.vhd(87)
Info (10041): Inferred latch for "HEX2[0]" at code_lock_simple_fsm.vhd(87)
Info (10041): Inferred latch for "HEX2[1]" at code_lock_simple_fsm.vhd(87)
Info (10041): Inferred latch for "HEX2[2]" at code_lock_simple_fsm.vhd(87)
Info (10041): Inferred latch for "HEX2[3]" at code_lock_simple_fsm.vhd(87)
Info (10041): Inferred latch for "HEX2[4]" at code_lock_simple_fsm.vhd(87)
Info (10041): Inferred latch for "HEX2[5]" at code_lock_simple_fsm.vhd(87)
Info (10041): Inferred latch for "HEX2[6]" at code_lock_simple_fsm.vhd(87)
Info (10041): Inferred latch for "HEX3[0]" at code_lock_simple_fsm.vhd(87)
Info (10041): Inferred latch for "HEX3[1]" at code_lock_simple_fsm.vhd(87)
Info (10041): Inferred latch for "HEX3[2]" at code_lock_simple_fsm.vhd(87)
Info (10041): Inferred latch for "HEX3[3]" at code_lock_simple_fsm.vhd(87)
Info (10041): Inferred latch for "HEX3[4]" at code_lock_simple_fsm.vhd(87)
Info (10041): Inferred latch for "HEX3[5]" at code_lock_simple_fsm.vhd(87)
Info (10041): Inferred latch for "HEX3[6]" at code_lock_simple_fsm.vhd(87)
Info (10041): Inferred latch for "HEX4[0]" at code_lock_simple_fsm.vhd(87)
Info (10041): Inferred latch for "HEX4[1]" at code_lock_simple_fsm.vhd(87)
Info (10041): Inferred latch for "HEX4[2]" at code_lock_simple_fsm.vhd(87)
Info (10041): Inferred latch for "HEX4[3]" at code_lock_simple_fsm.vhd(87)
Info (10041): Inferred latch for "HEX4[4]" at code_lock_simple_fsm.vhd(87)
Info (10041): Inferred latch for "HEX4[5]" at code_lock_simple_fsm.vhd(87)
Info (10041): Inferred latch for "HEX4[6]" at code_lock_simple_fsm.vhd(87)
Info (10041): Inferred latch for "HEX5[0]" at code_lock_simple_fsm.vhd(87)
Info (10041): Inferred latch for "HEX5[1]" at code_lock_simple_fsm.vhd(87)
Info (10041): Inferred latch for "HEX5[2]" at code_lock_simple_fsm.vhd(87)
Info (10041): Inferred latch for "HEX5[3]" at code_lock_simple_fsm.vhd(87)
Info (10041): Inferred latch for "HEX5[4]" at code_lock_simple_fsm.vhd(87)
Info (10041): Inferred latch for "HEX5[5]" at code_lock_simple_fsm.vhd(87)
Info (10041): Inferred latch for "HEX5[6]" at code_lock_simple_fsm.vhd(87)
Info (10041): Inferred latch for "HEX6[0]" at code_lock_simple_fsm.vhd(87)
Info (10041): Inferred latch for "HEX6[1]" at code_lock_simple_fsm.vhd(87)
Info (10041): Inferred latch for "HEX6[2]" at code_lock_simple_fsm.vhd(87)
Info (10041): Inferred latch for "HEX6[3]" at code_lock_simple_fsm.vhd(87)
Info (10041): Inferred latch for "HEX6[4]" at code_lock_simple_fsm.vhd(87)
Info (10041): Inferred latch for "HEX6[5]" at code_lock_simple_fsm.vhd(87)
Info (10041): Inferred latch for "HEX6[6]" at code_lock_simple_fsm.vhd(87)
Info (10041): Inferred latch for "HEX7[0]" at code_lock_simple_fsm.vhd(87)
Info (10041): Inferred latch for "HEX7[1]" at code_lock_simple_fsm.vhd(87)
Info (10041): Inferred latch for "HEX7[2]" at code_lock_simple_fsm.vhd(87)
Info (10041): Inferred latch for "HEX7[3]" at code_lock_simple_fsm.vhd(87)
Info (10041): Inferred latch for "HEX7[4]" at code_lock_simple_fsm.vhd(87)
Info (10041): Inferred latch for "HEX7[5]" at code_lock_simple_fsm.vhd(87)
Info (10041): Inferred latch for "HEX7[6]" at code_lock_simple_fsm.vhd(87)
Info (10041): Inferred latch for "code[0]" at code_lock_simple_fsm.vhd(76)
Info (10041): Inferred latch for "code[1]" at code_lock_simple_fsm.vhd(76)
Info (10041): Inferred latch for "code[2]" at code_lock_simple_fsm.vhd(76)
Info (10041): Inferred latch for "code[3]" at code_lock_simple_fsm.vhd(76)
Info (13025): Duplicate LATCH primitives merged into single LATCH primitive
    Info (13026): Duplicate LATCH primitive "code_lock_simple_fsm:call_code_lock_simple_fsm|HEX6[6]" merged with LATCH primitive "code_lock_simple_fsm:call_code_lock_simple_fsm|HEX6[2]"
    Info (13026): Duplicate LATCH primitive "code_lock_simple_fsm:call_code_lock_simple_fsm|HEX6[4]" merged with LATCH primitive "code_lock_simple_fsm:call_code_lock_simple_fsm|HEX6[2]"
    Info (13026): Duplicate LATCH primitive "code_lock_simple_fsm:call_code_lock_simple_fsm|HEX7[5]" merged with LATCH primitive "code_lock_simple_fsm:call_code_lock_simple_fsm|HEX6[2]"
    Info (13026): Duplicate LATCH primitive "code_lock_simple_fsm:call_code_lock_simple_fsm|HEX7[4]" merged with LATCH primitive "code_lock_simple_fsm:call_code_lock_simple_fsm|HEX6[2]"
    Info (13026): Duplicate LATCH primitive "code_lock_simple_fsm:call_code_lock_simple_fsm|HEX7[3]" merged with LATCH primitive "code_lock_simple_fsm:call_code_lock_simple_fsm|HEX6[2]"
    Info (13026): Duplicate LATCH primitive "code_lock_simple_fsm:call_code_lock_simple_fsm|HEX7[2]" merged with LATCH primitive "code_lock_simple_fsm:call_code_lock_simple_fsm|HEX6[2]"
    Info (13026): Duplicate LATCH primitive "code_lock_simple_fsm:call_code_lock_simple_fsm|HEX7[1]" merged with LATCH primitive "code_lock_simple_fsm:call_code_lock_simple_fsm|HEX6[2]"
Warning (13024): Output pins are stuck at VCC or GND
    Warning (13410): Pin "HEX0[0]" is stuck at VCC
    Warning (13410): Pin "HEX0[1]" is stuck at GND
    Warning (13410): Pin "HEX0[2]" is stuck at GND
    Warning (13410): Pin "HEX0[3]" is stuck at GND
    Warning (13410): Pin "HEX0[4]" is stuck at GND
    Warning (13410): Pin "HEX0[5]" is stuck at VCC
    Warning (13410): Pin "HEX0[6]" is stuck at GND
    Warning (13410): Pin "HEX1[0]" is stuck at GND
    Warning (13410): Pin "HEX1[1]" is stuck at VCC
    Warning (13410): Pin "HEX1[2]" is stuck at VCC
    Warning (13410): Pin "HEX1[3]" is stuck at GND
    Warning (13410): Pin "HEX1[4]" is stuck at GND
    Warning (13410): Pin "HEX1[5]" is stuck at GND
    Warning (13410): Pin "HEX1[6]" is stuck at GND
    Warning (13410): Pin "HEX2[0]" is stuck at VCC
    Warning (13410): Pin "HEX2[1]" is stuck at VCC
    Warning (13410): Pin "HEX2[2]" is stuck at VCC
    Warning (13410): Pin "HEX2[3]" is stuck at GND
    Warning (13410): Pin "HEX2[4]" is stuck at GND
    Warning (13410): Pin "HEX2[5]" is stuck at GND
    Warning (13410): Pin "HEX2[6]" is stuck at VCC
    Warning (13410): Pin "HEX3[0]" is stuck at GND
    Warning (13410): Pin "HEX3[1]" is stuck at GND
    Warning (13410): Pin "HEX3[2]" is stuck at GND
    Warning (13410): Pin "HEX3[3]" is stuck at VCC
    Warning (13410): Pin "HEX3[4]" is stuck at GND
    Warning (13410): Pin "HEX3[5]" is stuck at GND
    Warning (13410): Pin "HEX3[6]" is stuck at GND
    Warning (13410): Pin "HEX4[0]" is stuck at GND
    Warning (13410): Pin "HEX4[1]" is stuck at VCC
    Warning (13410): Pin "HEX4[2]" is stuck at VCC
    Warning (13410): Pin "HEX4[3]" is stuck at GND
    Warning (13410): Pin "HEX4[4]" is stuck at GND
    Warning (13410): Pin "HEX4[5]" is stuck at GND
    Warning (13410): Pin "HEX4[6]" is stuck at GND
    Warning (13410): Pin "HEX5[0]" is stuck at GND
    Warning (13410): Pin "HEX5[1]" is stuck at VCC
    Warning (13410): Pin "HEX5[2]" is stuck at GND
    Warning (13410): Pin "HEX5[3]" is stuck at GND
    Warning (13410): Pin "HEX5[4]" is stuck at VCC
    Warning (13410): Pin "HEX5[5]" is stuck at GND
    Warning (13410): Pin "HEX5[6]" is stuck at GND
    Warning (13410): Pin "HEX6[0]" is stuck at VCC
    Warning (13410): Pin "HEX6[1]" is stuck at VCC
    Warning (13410): Pin "HEX6[3]" is stuck at VCC
    Warning (13410): Pin "HEX6[5]" is stuck at VCC
    Warning (13410): Pin "HEX7[0]" is stuck at VCC
    Warning (13410): Pin "HEX7[6]" is stuck at VCC
Warning (20013): Ignored assignments for entity "guess_game_two_player_tester" -- entity does not exist in design
    Warning (20014): Assignment for entity set_instance_assignment -name PARTITION_HIERARCHY root_partition -to | -entity guess_game_two_player_tester -section_id Top was ignored
    Warning (20014): Assignment for entity set_global_assignment -name PARTITION_NETLIST_TYPE SOURCE -entity guess_game_two_player_tester -section_id Top was ignored
    Warning (20014): Assignment for entity set_global_assignment -name PARTITION_FITTER_PRESERVATION_LEVEL PLACEMENT_AND_ROUTING -entity guess_game_two_player_tester -section_id Top was ignored
    Warning (20014): Assignment for entity set_global_assignment -name PARTITION_PRESERVE_HIGH_SPEED_TILES ON -entity guess_game_two_player_tester -section_id Top was ignored
    Warning (20014): Assignment for entity set_global_assignment -name PARTITION_IGNORE_SOURCE_FILE_CHANGES OFF -entity guess_game_two_player_tester -section_id Top was ignored
    Warning (20014): Assignment for entity set_global_assignment -name PARTITION_ALWAYS_USE_QXP_NETLIST OFF -entity guess_game_two_player_tester -section_id Top was ignored
    Warning (20014): Assignment for entity set_global_assignment -name PARTITION_COLOR 16764057 -entity guess_game_two_player_tester -section_id Top was ignored
    Warning (20014): Assignment for entity set_global_assignment -name PARTITION_IMPORT_ASSIGNMENTS ON -entity guess_game_two_player_tester -section_id Top was ignored
    Warning (20014): Assignment for entity set_global_assignment -name PARTITION_IMPORT_EXISTING_ASSIGNMENTS REPLACE_CONFLICTING -entity guess_game_two_player_tester -section_id Top was ignored
    Warning (20014): Assignment for entity set_global_assignment -name PARTITION_IMPORT_EXISTING_LOGICLOCK_REGIONS UPDATE_CONFLICTING -entity guess_game_two_player_tester -section_id Top was ignored
    Warning (20014): Assignment for entity set_global_assignment -name PARTITION_IMPORT_PIN_ASSIGNMENTS ON -entity guess_game_two_player_tester -section_id Top was ignored
    Warning (20014): Assignment for entity set_global_assignment -name PARTITION_IMPORT_PROMOTE_ASSIGNMENTS ON -entity guess_game_two_player_tester -section_id Top was ignored
    Warning (20014): Assignment for entity set_global_assignment -name PARTITION_TYPE STANDARD_PARTITION -entity guess_game_two_player_tester -section_id Top was ignored
    Warning (20014): Assignment for entity set_global_assignment -name ALLOW_MULTIPLE_PERSONAS OFF -entity guess_game_two_player_tester -section_id Top was ignored
    Warning (20014): Assignment for entity set_global_assignment -name PARTITION_ASD_REGION_ID 1 -entity guess_game_two_player_tester -section_id Top was ignored
    Warning (20014): Assignment for entity set_global_assignment -name CROSS_BOUNDARY_OPTIMIZATIONS OFF -entity guess_game_two_player_tester -section_id Top was ignored
    Warning (20014): Assignment for entity set_global_assignment -name PROPAGATE_CONSTANTS_ON_INPUTS ON -entity guess_game_two_player_tester -section_id Top was ignored
    Warning (20014): Assignment for entity set_global_assignment -name PROPAGATE_INVERSIONS_ON_INPUTS ON -entity guess_game_two_player_tester -section_id Top was ignored
    Warning (20014): Assignment for entity set_global_assignment -name REMOVE_LOGIC_ON_UNCONNECTED_OUTPUTS ON -entity guess_game_two_player_tester -section_id Top was ignored
    Warning (20014): Assignment for entity set_global_assignment -name MERGE_EQUIVALENT_INPUTS ON -entity guess_game_two_player_tester -section_id Top was ignored
    Warning (20014): Assignment for entity set_global_assignment -name MERGE_EQUIVALENT_BIDIRS ON -entity guess_game_two_player_tester -section_id Top was ignored
    Warning (20014): Assignment for entity set_global_assignment -name ABSORB_PATHS_FROM_OUTPUTS_TO_INPUTS ON -entity guess_game_two_player_tester -section_id Top was ignored
    Warning (20014): Assignment for entity set_global_assignment -name PARTITION_EXTRACT_HARD_BLOCK_NODES ON -entity guess_game_two_player_tester -section_id Top was ignored
Warning (20013): Ignored assignments for entity "hex_mux_tester" -- entity does not exist in design
    Warning (20014): Assignment for entity set_instance_assignment -name PARTITION_HIERARCHY root_partition -to | -entity hex_mux_tester -section_id Top was ignored
    Warning (20014): Assignment for entity set_global_assignment -name PARTITION_NETLIST_TYPE SOURCE -entity hex_mux_tester -section_id Top was ignored
    Warning (20014): Assignment for entity set_global_assignment -name PARTITION_FITTER_PRESERVATION_LEVEL PLACEMENT_AND_ROUTING -entity hex_mux_tester -section_id Top was ignored
    Warning (20014): Assignment for entity set_global_assignment -name PARTITION_PRESERVE_HIGH_SPEED_TILES ON -entity hex_mux_tester -section_id Top was ignored
    Warning (20014): Assignment for entity set_global_assignment -name PARTITION_IGNORE_SOURCE_FILE_CHANGES OFF -entity hex_mux_tester -section_id Top was ignored
    Warning (20014): Assignment for entity set_global_assignment -name PARTITION_ALWAYS_USE_QXP_NETLIST OFF -entity hex_mux_tester -section_id Top was ignored
    Warning (20014): Assignment for entity set_global_assignment -name PARTITION_COLOR 16764057 -entity hex_mux_tester -section_id Top was ignored
    Warning (20014): Assignment for entity set_global_assignment -name PARTITION_IMPORT_ASSIGNMENTS ON -entity hex_mux_tester -section_id Top was ignored
    Warning (20014): Assignment for entity set_global_assignment -name PARTITION_IMPORT_EXISTING_ASSIGNMENTS REPLACE_CONFLICTING -entity hex_mux_tester -section_id Top was ignored
    Warning (20014): Assignment for entity set_global_assignment -name PARTITION_IMPORT_EXISTING_LOGICLOCK_REGIONS UPDATE_CONFLICTING -entity hex_mux_tester -section_id Top was ignored
    Warning (20014): Assignment for entity set_global_assignment -name PARTITION_IMPORT_PIN_ASSIGNMENTS ON -entity hex_mux_tester -section_id Top was ignored
    Warning (20014): Assignment for entity set_global_assignment -name PARTITION_IMPORT_PROMOTE_ASSIGNMENTS ON -entity hex_mux_tester -section_id Top was ignored
    Warning (20014): Assignment for entity set_global_assignment -name PARTITION_TYPE STANDARD_PARTITION -entity hex_mux_tester -section_id Top was ignored
    Warning (20014): Assignment for entity set_global_assignment -name ALLOW_MULTIPLE_PERSONAS OFF -entity hex_mux_tester -section_id Top was ignored
    Warning (20014): Assignment for entity set_global_assignment -name PARTITION_ASD_REGION_ID 1 -entity hex_mux_tester -section_id Top was ignored
    Warning (20014): Assignment for entity set_global_assignment -name CROSS_BOUNDARY_OPTIMIZATIONS OFF -entity hex_mux_tester -section_id Top was ignored
    Warning (20014): Assignment for entity set_global_assignment -name PROPAGATE_CONSTANTS_ON_INPUTS ON -entity hex_mux_tester -section_id Top was ignored
    Warning (20014): Assignment for entity set_global_assignment -name PROPAGATE_INVERSIONS_ON_INPUTS ON -entity hex_mux_tester -section_id Top was ignored
    Warning (20014): Assignment for entity set_global_assignment -name REMOVE_LOGIC_ON_UNCONNECTED_OUTPUTS ON -entity hex_mux_tester -section_id Top was ignored
    Warning (20014): Assignment for entity set_global_assignment -name MERGE_EQUIVALENT_INPUTS ON -entity hex_mux_tester -section_id Top was ignored
    Warning (20014): Assignment for entity set_global_assignment -name MERGE_EQUIVALENT_BIDIRS ON -entity hex_mux_tester -section_id Top was ignored
    Warning (20014): Assignment for entity set_global_assignment -name ABSORB_PATHS_FROM_OUTPUTS_TO_INPUTS ON -entity hex_mux_tester -section_id Top was ignored
    Warning (20014): Assignment for entity set_global_assignment -name PARTITION_EXTRACT_HARD_BLOCK_NODES ON -entity hex_mux_tester -section_id Top was ignored
Info (16010): Generating hard_block partition "hard_block:auto_generated_inst"
    Info (16011): Adding 0 node(s), including 0 DDIO, 0 PLL, 0 transceiver and 0 LCELL
Info (21057): Implemented 147 device resources after synthesis - the final resource count might be different
    Info (21058): Implemented 13 input pins
    Info (21059): Implemented 57 output pins
    Info (21061): Implemented 77 logic cells
Info: Quartus II 64-Bit Analysis & Synthesis was successful. 0 errors, 109 warnings
    Info: Peak virtual memory: 4641 megabytes
    Info: Processing ended: Sun Dec 11 02:18:00 2022
    Info: Elapsed time: 00:00:02
    Info: Total CPU time (on all processors): 00:00:02


