--------------- Build Started: 12/10/2022 19:47:42 Project: Communication Busses, Configuration: ARM GCC 5.4-2016-q2-update Debug ---------------
The code generation step is up to date.
arm-none-eabi-gcc.exe -mcpu=cortex-m3 -mthumb -I. -IGenerated_Source\PSoC5 -Wa,-alh=.\CortexM3\ARM_GCC_541\Debug/main.lst -g -D DEBUG -D CY_CORE_ID=0 -Wall -ffunction-sections -ffat-lto-objects -Og -c main.c -o .\CortexM3\ARM_GCC_541\Debug\main.o
main.c: In function 'main':
main.c:32:10: warning: unused variable 'status' [-Wunused-variable]
  uint8_t status = 0; // Til tjek om I2C er klar
          ^
main.c:31:7: warning: unused variable 'buffer' [-Wunused-variable]
  char buffer[256]; // Chart array til udskrivning af temperatur data
       ^
arm-none-eabi-ar.exe -rs ".\CortexM3\ARM_GCC_541\Debug\Communication Busses.a" .\CortexM3\ARM_GCC_541\Debug\Pin_SDA.o .\CortexM3\ARM_GCC_541\Debug\Pin_SDL.o .\CortexM3\ARM_GCC_541\Debug\Pin_VDD.o .\CortexM3\ARM_GCC_541\Debug\CyDmac.o .\CortexM3\ARM_GCC_541\Debug\CyFlash.o .\CortexM3\ARM_GCC_541\Debug\CyLib.o .\CortexM3\ARM_GCC_541\Debug\cyPm.o .\CortexM3\ARM_GCC_541\Debug\CySpc.o .\CortexM3\ARM_GCC_541\Debug\cyutils.o .\CortexM3\ARM_GCC_541\Debug\cy_em_eeprom.o .\CortexM3\ARM_GCC_541\Debug\I2C_LM75.o .\CortexM3\ARM_GCC_541\Debug\I2C_LM75_BOOT.o .\CortexM3\ARM_GCC_541\Debug\I2C_LM75_INT.o .\CortexM3\ARM_GCC_541\Debug\I2C_LM75_PM.o .\CortexM3\ARM_GCC_541\Debug\I2C_LM75_SLAVE.o .\CortexM3\ARM_GCC_541\Debug\I2C_LM75_MASTER.o .\CortexM3\ARM_GCC_541\Debug\UART_TERMINAL.o .\CortexM3\ARM_GCC_541\Debug\UART_TERMINAL_PM.o .\CortexM3\ARM_GCC_541\Debug\UART_TERMINAL_INT.o .\CortexM3\ARM_GCC_541\Debug\UART_TERMINAL_BOOT.o .\CortexM3\ARM_GCC_541\Debug\UART_TERMINAL_IntClock.o .\CortexM3\ARM_GCC_541\Debug\CyBootAsmGnu.o
arm-none-eabi-ar.exe: creating .\CortexM3\ARM_GCC_541\Debug\Communication Busses.a
arm-none-eabi-gcc.exe -Wl,--start-group -o "C:\Users\hresk\OneDrive\Dokumenter\GitHub\SemesterProjekt2\Arduino\Arduino Temp\Communication Busses.cydsn\CortexM3\ARM_GCC_541\Debug\Communication Busses.elf" .\CortexM3\ARM_GCC_541\Debug\main.o .\CortexM3\ARM_GCC_541\Debug\cyfitter_cfg.o .\CortexM3\ARM_GCC_541\Debug\cymetadata.o .\CortexM3\ARM_GCC_541\Debug\Cm3Start.o ".\CortexM3\ARM_GCC_541\Debug\Communication Busses.a" "C:\Program Files (x86)\Cypress\PSoC Creator\4.4\PSoC Creator\psoc\content\cycomponentlibrary\CyComponentLibrary.cylib\CortexM3\ARM_GCC_541\Debug\CyComponentLibrary.a" -mcpu=cortex-m3 -mthumb -l m -L Generated_Source\PSoC5 "-Wl,-Map,.\CortexM3\ARM_GCC_541\Debug/Communication Busses.map" -T Generated_Source\PSoC5\cm3gcc.ld -specs=nano.specs -u _printf_float -Wl,--gc-sections -g -ffunction-sections -Og -ffat-lto-objects -Wl,--end-group
cyelftool.exe -C "C:\Users\hresk\OneDrive\Dokumenter\GitHub\SemesterProjekt2\Arduino\Arduino Temp\Communication Busses.cydsn\CortexM3\ARM_GCC_541\Debug\Communication Busses.elf" --flash_row_size 256 --flash_size 262144 --flash_offset 0x00000000
No ELF section .cychecksum found, creating one
Application checksum calculated and stored in ELF section .cychecksum
Checksum calculated and stored in ELF section .cymeta
cyelftool.exe -S "C:\Users\hresk\OneDrive\Dokumenter\GitHub\SemesterProjekt2\Arduino\Arduino Temp\Communication Busses.cydsn\CortexM3\ARM_GCC_541\Debug\Communication Busses.elf"
Flash used: 12948 of 262144 bytes (4,9 %).
SRAM used: 3001 of 65536 bytes (4,6 %). Stack: 2048 bytes. Heap: 512 bytes.
--------------- Build Succeeded: 12/10/2022 19:47:43 ---------------
